<?xml version="1.0" encoding="UTF-8"?>
<!-- Generated by org.testng.reporters.JUnitXMLReporter -->
<testsuite ignored="0" hostname="SAMTHIYA" failures="2" tests="2" name="Chrome Test" time="8.815" errors="0" timestamp="2026-02-05T12:18:44 IST">
  <testcase classname="io.cucumber.testng.AbstractTestNGCucumberTests" name="runScenario" time="8.292">
    <failure type="java.lang.AssertionError">
      <![CDATA[java.lang.AssertionError
at stepdefinitions.GoogleSteps.verifyTitle(GoogleSteps.java:25)
at ✽.Title should contain "Cucumber"(file:///C:/Users/kidst/eclipse-workspace/cucumber-testng-framework/src/test/resources/features/google.feature:11)
]]>
    </failure>
  </testcase> <!-- runScenario -->
  <testcase classname="io.cucumber.testng.AbstractTestNGCucumberTests" name="runScenario" time="8.292">
    <failure type="java.lang.AssertionError">
      <![CDATA[java.lang.AssertionError
at stepdefinitions.GoogleSteps.verifyTitle(GoogleSteps.java:25)
at ✽.Title should contain "Selenium"(file:///C:/Users/kidst/eclipse-workspace/cucumber-testng-framework/src/test/resources/features/google.feature:6)
]]>
    </failure>
  </testcase> <!-- runScenario -->
</testsuite> <!-- Chrome Test -->
