<?xml version="1.0" encoding="UTF-8"?>
<!-- Generated by org.testng.reporters.JUnitReportReporter -->
<testsuite hostname="DESKTOP-O1K3V2R" failures="1" tests="1" name="runner.TestRunner" time="8.330" errors="0" timestamp="2026-02-06T09:10:43 IST" skipped="0">
  <testcase classname="runner.TestRunner" name="runScenario" time="8.330">
    <failure type="java.lang.AssertionError">
      <![CDATA[java.lang.AssertionError
at stepdefinitions.GoogleSteps.verify(GoogleSteps.java:33)
at âœ½.Title contains "Ccumber"(file:///C:/Users/Admin/Documents/New%20folder/cucumber-testng-framework-main/cucumber-testng-framework-main/src/test/resources/features/google.feature:13)
]]>
    </failure>
  </testcase> <!-- runScenario -->
</testsuite> <!-- runner.TestRunner -->
