<?xml version="1.0" encoding="UTF-8"?>
<!-- Generated by org.testng.reporters.JUnitReportReporter -->
<testsuite hostname="DESKTOP-O1K3V2R" failures="0" tests="6" name="runner.TestRunner" time="208.405" errors="0" timestamp="2026-02-05T19:51:09 IST" skipped="0">
  <testcase classname="runner.TestRunner" name="runScenario" time="34.735"/>
  <testcase classname="runner.TestRunner" name="runScenario" time="34.727"/>
  <testcase classname="runner.TestRunner" name="runScenario" time="34.717"/>
  <testcase classname="runner.TestRunner" name="runScenario" time="34.744"/>
  <testcase classname="runner.TestRunner" name="runScenario" time="34.740"/>
  <testcase classname="runner.TestRunner" name="runScenario" time="34.742"/>
</testsuite> <!-- runner.TestRunner -->
